make[1]: Entering directory '/projects/android_kernel_x5/out'
  GEN     ./Makefile
scripts/kconfig/conf --silentoldconfig Kconfig
../tools/dct/DrvGen.py ../drivers/misc/mediatek/mach/mt6580/x5_weg_i_m/dct/dct/codegen.dws arch/arm/boot/dts/ arch/arm/boot/dts/ cust_dtsi
  CHK     include/config/kernel.release
Enter main function!
The 0th param is: 
/projects/android_kernel_x5/tools/dct/old_dct/DrvGen
The 1th param is: 
/projects/android_kernel_x5/drivers/misc/mediatek/mach/mt6580/x5_weg_i_m/dct/dct/codegen.dws
The 2th param is: 
/projects/android_kernel_x5/out/arch/arm/boot/dts
The 3th param is: 
/projects/android_kernel_x5/out/arch/arm/boot/dts
The 4th param is: 
cust_dtsi
begin to open log file!
DCT gen no log file for AOSP!
start to gen code!
start to read workspace!
/projects/android_kernel_x5/drivers/misc/mediatek/mach/mt6580/x5_weg_i_m/dct/dct/codegen.dws
start to parse fig file!
start to parse fig file!
Start to gen cust_eint.dtsi...
Gen cust_eint.dtsi successfully!
Start to gen cust_gpio_usage_mapping.dtsi...
Gen cust_gpio_usage_mapping.dtsi file successfully!.
Start to gen cust_md1_eint.dtsi...
Gen cust_md1_eint.dtsi file successfully!.
Gen cust_pmic.dtsi file successfully!.
Start to gen cust_adc.dtsi...
Gen cust_adc.dtsi file successfully!.
Start to gen cust_clk_buf.dtsi...
Gen cust_clk_buf.dtsi file successfully!
Start to gen cust_kpd.dtsi...
Gen cust_kpd.dtsi file successfully!.
Start to gen cust_i2c.dtsi...
Gen cust_i2c.dtsi file successfully!.
[DCT_INFO]: DWS file path is /projects/android_kernel_x5/drivers/misc/mediatek/mach/mt6580/x5_weg_i_m/dct/dct/codegen.dws
[DCT_INFO]: Gen files path is /projects/android_kernel_x5/out/arch/arm/boot/dts
[DCT_INFO]: Log files path is /projects/android_kernel_x5/out/arch/arm/boot/dts
[DCT_INFO]: Parameter is cust_dtsi
[DCT_WARNING]: /projects/android_kernel_x5/drivers/misc/mediatek/mach/mt6580/x5_weg_i_m/dct/dct/codegen.dws is not xml format, try to use old DCT!
  GEN     ./Makefile
  WRAP    arch/arm/include/generated/asm/auxvec.h
  WRAP    arch/arm/include/generated/asm/bitsperlong.h
  WRAP    arch/arm/include/generated/asm/cputime.h
  WRAP    arch/arm/include/generated/asm/current.h
  WRAP    arch/arm/include/generated/asm/emergency-restart.h
  WRAP    arch/arm/include/generated/asm/errno.h
  WRAP    arch/arm/include/generated/asm/exec.h
  WRAP    arch/arm/include/generated/asm/hash.h
  WRAP    arch/arm/include/generated/asm/ioctl.h
  WRAP    arch/arm/include/generated/asm/ipcbuf.h
  WRAP    arch/arm/include/generated/asm/irq_regs.h
  WRAP    arch/arm/include/generated/asm/kdebug.h
  WRAP    arch/arm/include/generated/asm/local.h
  WRAP    arch/arm/include/generated/asm/local64.h
  WRAP    arch/arm/include/generated/asm/mcs_spinlock.h
  WRAP    arch/arm/include/generated/asm/msgbuf.h
  WRAP    arch/arm/include/generated/asm/param.h
  WRAP    arch/arm/include/generated/asm/parport.h
  WRAP    arch/arm/include/generated/asm/poll.h
  WRAP    arch/arm/include/generated/asm/preempt.h
  WRAP    arch/arm/include/generated/asm/resource.h
  WRAP    arch/arm/include/generated/asm/rwsem.h
  WRAP    arch/arm/include/generated/asm/scatterlist.h
  WRAP    arch/arm/include/generated/asm/sections.h
  WRAP    arch/arm/include/generated/asm/segment.h
  WRAP    arch/arm/include/generated/asm/sembuf.h
  WRAP    arch/arm/include/generated/asm/serial.h
  WRAP    arch/arm/include/generated/asm/shmbuf.h
  WRAP    arch/arm/include/generated/asm/siginfo.h
  WRAP    arch/arm/include/generated/asm/simd.h
  WRAP    arch/arm/include/generated/asm/sizes.h
  WRAP    arch/arm/include/generated/asm/socket.h
  WRAP    arch/arm/include/generated/asm/sockios.h
  WRAP    arch/arm/include/generated/asm/termbits.h
  WRAP    arch/arm/include/generated/asm/termios.h
  WRAP    arch/arm/include/generated/asm/timex.h
  WRAP    arch/arm/include/generated/asm/trace_clock.h
  WRAP    arch/arm/include/generated/asm/unaligned.h
  CHK     include/generated/uapi/linux/version.h
  UPD     include/generated/uapi/linux/version.h
  HOSTCC  scripts/dtc/dtc.o
  HOSTCC  scripts/dtc/flattree.o
  HOSTCC  scripts/dtc/fstree.o
  UPD     include/config/kernel.release
  HOSTCC  scripts/dtc/data.o
  Using .. as source for kernel
  CHK     include/generated/utsrelease.h
  UPD     include/generated/utsrelease.h
  Generating include/generated/mach-types.h
  CC      scripts/mod/empty.o
  HOSTCC  scripts/dtc/livetree.o
  HOSTCC  scripts/mod/mk_elfconfig
  HOSTCC  scripts/dtc/treesource.o
  CC      scripts/mod/devicetable-offsets.s
  MKELF   scripts/mod/elfconfig.h
  GEN     scripts/mod/devicetable-offsets.h
  HOSTCC  scripts/mod/sumversion.o
  HOSTCC  scripts/dtc/srcpos.o
  HOSTCC  scripts/dtc/checks.o
  HOSTCC  scripts/mod/modpost.o
  HOSTCC  scripts/dtc/util.o
  SHIPPED scripts/dtc/dtc-lexer.lex.c
  SHIPPED scripts/dtc/dtc-parser.tab.h
  SHIPPED scripts/dtc/dtc-parser.tab.c
  HOSTCC  scripts/dtc/dtc-lexer.lex.o
  HOSTCC  scripts/dtc/dtc-parser.tab.o
  HOSTCC  scripts/mod/file2alias.o
  HOSTLD  scripts/dtc/dtc
  HOSTCC  scripts/selinux/genheaders/genheaders
  HOSTLD  scripts/mod/modpost
  HOSTCC  scripts/selinux/mdp/mdp
  CC      kernel/bounds.s
  HOSTCC  scripts/kallsyms
  GEN     include/generated/bounds.h
  CC      arch/arm/kernel/asm-offsets.s
  HOSTCC  scripts/sortextable
  GEN     include/generated/asm-offsets.h
  CALL    ../scripts/checksyscalls.sh
  HOSTCC  usr/gen_init_cpio
  CC      init/main.o
  GEN     usr/initramfs_data.cpio.gz
  AS      usr/initramfs_data.o
  LD      usr/built-in.o
  CC      arch/arm/vfp/vfpmodule.o
  AS      arch/arm/vfp/entry.o
  AS      arch/arm/vfp/vfphw.o
  CHK     include/generated/compile.h
  CC      arch/arm/vfp/vfpsingle.o
  UPD     include/generated/compile.h
  CC      init/do_mounts.o
  CC      arch/arm/vfp/vfpdouble.o
  LD      arch/arm/vfp/vfp.o
  LD      arch/arm/vfp/built-in.o
  CC      init/do_mounts_initrd.o
  CC      arch/arm/kernel/elf.o
  CC      init/noinitramfs.o
  AS      arch/arm/kernel/entry-common.o
  CC      arch/arm/kernel/irq.o
  CC      init/initramfs.o
  CC      arch/arm/kernel/opcodes.o
  CC      init/calibrate.o
  CC      arch/arm/kernel/process.o
  CC      init/init_task.o
  CC      arch/arm/kernel/ptrace.o
  CC      init/version.o
  CC      arch/arm/kernel/return_address.o
  LD      init/mounts.o
  LD      init/built-in.o
  CC      arch/arm/kernel/setup.o
  CC      arch/arm/mm/dma-mapping.o
  CC      arch/arm/mm/extable.o
  CC      arch/arm/kernel/signal.o
  CC      arch/arm/mm/fault.o
  AS      arch/arm/kernel/sigreturn_codes.o
  CC      arch/arm/kernel/stacktrace.o
  CC      arch/arm/kernel/sys_arm.o
  CC      arch/arm/mm/init.o
  CC      arch/arm/kernel/time.o
  CC      arch/arm/kernel/traps.o
  CC      arch/arm/mm/iomap.o
  CC      arch/arm/kernel/atags_parse.o
  AS      arch/arm/kernel/entry-armv.o
  CC      arch/arm/mm/fault-armv.o
  CC      arch/arm/kernel/cpuidle.o
  CC      arch/arm/kernel/fiq.o
  CC      arch/arm/mm/flush.o
  AS      arch/arm/kernel/fiqasm.o
  CC      arch/arm/kernel/fiq_smp_call.o
  CC      arch/arm/mm/idmap.o
  AS      arch/arm/kernel/sleep.o
  CC      arch/arm/kernel/suspend.o
  CC      arch/arm/kernel/hibernate.o
  CC      arch/arm/mm/ioremap.o
  CC      arch/arm/kernel/smp.o
  CC      arch/arm/mm/mmap.o
  CC      arch/arm/mm/pgd.o
  CC      arch/arm/mm/mmu.o
  CC      arch/arm/kernel/smp_tlb.o
  CC      arch/arm/kernel/arch_timer.o
  CC      arch/arm/kernel/devtree.o
  CC      arch/arm/mm/alignment.o
  CC      arch/arm/kernel/swp_emulate.o
  CC      arch/arm/mm/highmem.o
  CC      arch/arm/kernel/hw_breakpoint.o
  AS      arch/arm/mm/abort-ev7.o
  AS      arch/arm/mm/pabort-v7.o
  AS      arch/arm/mm/cache-v7.o
  CC      arch/arm/mm/copypage-v6.o
  CC      arch/arm/mm/context.o
  CC      arch/arm/kernel/perf_regs.o
  AS      arch/arm/mm/tlb-v7.o
  AS      arch/arm/mm/proc-v7.o
  CC      arch/arm/kernel/perf_event.o
  AS      arch/arm/mm/mt_cache_v7.o
  CC      arch/arm/mm/mt_innercache.o
  LD      arch/arm/mm/built-in.o
  CC      arch/arm/common/firmware.o
  CC      arch/arm/kernel/perf_event_cpu.o
  AS      arch/arm/common/fiq_glue.o
  CC      arch/arm/common/fiq_glue_setup.o
  LD      arch/arm/common/built-in.o
  CC      arch/arm/kernel/topology.o
  CC      arch/arm/kernel/io.o
  LD      arch/arm/net/built-in.o
  AS      arch/arm/kernel/hyp-stub.o
  AS      arch/arm/kernel/head.o
  LDS     arch/arm/kernel/vmlinux.lds
  LD      arch/arm/kernel/built-in.o
  AS      arch/arm/crypto/aes-armv4.o
  LD      arch/arm/firmware/built-in.o
  CC      arch/arm/crypto/aes_glue.o
  CC      arch/arm/mach-mediatek/core.o
  SHIPPED arch/arm/crypto/aesbs-core.S
  CC      arch/arm/crypto/aesbs-glue.o
  LD      arch/arm/mach-mediatek/built-in.o
  CC      kernel/fork.o
  SHIPPED arch/arm/crypto/sha256-core.S
  CC      arch/arm/crypto/sha256_glue.o
  CC      arch/arm/crypto/sha256_neon_glue.o
  AS      arch/arm/crypto/sha2-ce-core.o
  CC      arch/arm/crypto/sha2-ce-glue.o
  CC      kernel/exec_domain.o
  LD      arch/arm/crypto/aes-arm.o
  AS      arch/arm/crypto/aesbs-core.o
  AS      arch/arm/crypto/sha256-core.o
  CC      kernel/panic.o
  LD      arch/arm/crypto/sha2-arm-ce.o
  LD      arch/arm/crypto/aes-arm-bs.o
  LD      arch/arm/crypto/sha256-arm.o
  LD      arch/arm/crypto/built-in.o
rm arch/arm/crypto/aesbs-core.S
  CC      mm/filemap.o
  CC      kernel/cpu.o
  CC      kernel/exit.o
  CC      mm/mempool.o
  CC      mm/oom_kill.o
  CC      kernel/softirq.o
  CC      mm/maccess.o
  CC      mm/page_alloc.o
  CC      kernel/resource.o
  CC      kernel/sysctl.o
  CC      kernel/sysctl_binary.o
  CC      mm/page-writeback.o
  CC      kernel/capability.o
  CC      kernel/ptrace.o
  CC      kernel/user.o
  CC      mm/readahead.o
  CC      kernel/signal.o
  CC      mm/swap.o
  CC      mm/truncate.o
  CC      kernel/sys.o
  CC      mm/vmscan.o
  CC      kernel/kmod.o
  CC      kernel/workqueue.o
  CC      mm/shmem.o
  CC      kernel/pid.o
  CC      kernel/task_work.o
  CC      kernel/extable.o
  CC      mm/util.o
  CC      kernel/params.o
  CC      mm/mmzone.o
  CC      mm/vmstat.o
  CC      kernel/kthread.o
  CC      kernel/sys_ni.o
  CC      kernel/nsproxy.o
  CC      mm/backing-dev.o
  CC      kernel/notifier.o
  CC      kernel/ksysfs.o
  CC      kernel/cred.o
  CC      mm/mm_init.o
  CC      mm/mmu_context.o
  CC      kernel/reboot.o
  CC      mm/percpu.o
  CC      kernel/async.o
  CC      kernel/range.o
  CC      kernel/groups.o
  CC      mm/slab_common.o
  CC      kernel/smpboot.o
  CC      kernel/bpf/core.o
  CC      mm/compaction.o
  LD      kernel/bpf/built-in.o
  CC      kernel/events/core.o
  CC      mm/vmacache.o
  CC      mm/interval_tree.o
  CC      mm/list_lru.o
  CC      mm/workingset.o
  CC      mm/iov_iter.o
  CC      mm/debug.o
  CC      kernel/events/ring_buffer.o
  CC      mm/fremap.o
  CC      mm/gup.o
  CC      kernel/events/callchain.o
  CC      kernel/events/hw_breakpoint.o
  CC      mm/highmem.o
  CC      mm/memory.o
  LD      kernel/events/built-in.o
  CC      kernel/irq/irqdesc.o
  CC      kernel/irq/handle.o
  CC      kernel/irq/manage.o
  CC      kernel/irq/spurious.o
  CC      mm/mincore.o
  CC      kernel/irq/resend.o
  CC      kernel/irq/chip.o
  CC      mm/mlock.o
  CC      kernel/irq/dummychip.o
  CC      kernel/irq/devres.o
  CC      mm/mmap.o
  CC      kernel/irq/autoprobe.o
  CC      kernel/irq/irqdomain.o
  CC      kernel/irq/proc.o
  CC      kernel/irq/pm.o
  CC      mm/mprotect.o
  LD      kernel/irq/built-in.o
  CC      kernel/locking/mutex.o
  CC      mm/mremap.o
  CC      kernel/locking/semaphore.o
  CC      mm/msync.o
  CC      kernel/locking/rwsem.o
  CC      mm/rmap.o
  CC      kernel/locking/mcs_spinlock.o
  CC      kernel/locking/spinlock.o
  CC      kernel/locking/lglock.o
  CC      kernel/locking/rtmutex.o
  CC      mm/vmalloc.o
  CC      kernel/locking/rwsem-xadd.o
  LD      kernel/locking/built-in.o
  CC      kernel/power/qos.o
  CC      mm/pagewalk.o
  CC      kernel/power/main.o
  CC      mm/pgtable-generic.o
  CC      mm/process_vm_access.o
  CC      kernel/power/process.o
  CC      mm/init-mm.o
  CC      kernel/power/suspend.o
  CC      mm/nobootmem.o
  CC      mm/fadvise.o
  CC      kernel/power/hibernate.o
  CC      mm/madvise.o
  CC      mm/memblock.o
  CC      kernel/power/snapshot.o
  CC      mm/page_io.o
  CC      mm/swap_state.o
  CC      kernel/power/swap.o
  CC      mm/swapfile.o
  CC      kernel/power/user.o
  CC      kernel/power/block_io.o
  CC      kernel/power/autosleep.o
  CC      mm/dmapool.o
  CC      kernel/power/wakelock.o
  CC      mm/slub.o
  CC      kernel/power/poweroff.o
  CC      kernel/power/wakeup_reason.o
  LD      kernel/power/built-in.o
  CC      kernel/printk/printk.o
  CC      mm/migrate.o
  LD      kernel/printk/built-in.o
  CC      kernel/rcu/update.o
  CC      mm/zsmalloc.o
  CC      kernel/rcu/srcu.o
  LD      mm/built-in.o
  CC      kernel/rcu/tree.o
  CC      fs/open.o
  CC      fs/read_write.o
  LD      kernel/rcu/built-in.o
  CC      kernel/sched/core.o
  CC      fs/file_table.o
  CC      fs/super.o
  CC      fs/char_dev.o
  CC      fs/stat.o
  CC      fs/exec.o
  CC      fs/pipe.o
  CC      fs/namei.o
  CC      kernel/sched/proc.o
  CC      kernel/sched/clock.o
  CC      kernel/sched/cputime.o
  CC      kernel/sched/idle_task.o
  CC      kernel/sched/fair.o
  CC      fs/fcntl.o
  CC      fs/ioctl.o
  CC      fs/readdir.o
  CC      fs/select.o
  CC      kernel/sched/rt.o
  CC      fs/dcache.o
  CC      kernel/sched/deadline.o
  CC      kernel/sched/stop_task.o
  CC      fs/inode.o
  CC      kernel/sched/wait.o
  CC      kernel/sched/completion.o
  CC      fs/attr.o
  CC      kernel/sched/idle.o
  CC      fs/bad_inode.o
  CC      kernel/sched/cpupri.o
  CC      fs/file.o
  CC      kernel/sched/cpudeadline.o
  CC      kernel/sched/stats.o
  CC      fs/filesystems.o
  CC      kernel/sched/debug.o
  CC      fs/namespace.o
  CC      kernel/sched/cpuacct.o
  CC      fs/seq_file.o
  LD      kernel/sched/built-in.o
  HZFILE  kernel/time/hz.bc
  CC      kernel/time/timer.o
  CC      fs/xattr.o
  CC      fs/libfs.o
  CC      kernel/time/hrtimer.o
  CC      fs/fs-writeback.o
  CC      kernel/time/itimer.o
  CC      kernel/time/posix-timers.o
  CC      kernel/time/posix-cpu-timers.o
  CC      fs/pnode.o
  CC      fs/splice.o
  CC      kernel/time/timekeeping.o
  CC      fs/sync.o
  CC      kernel/time/ntp.o
  CC      fs/utimes.o
  CC      kernel/time/clocksource.o
  CC      fs/stack.o
  CC      fs/fs_struct.o
  CC      kernel/time/jiffies.o
  CC      fs/statfs.o
  CC      kernel/time/timer_list.o
  CC      fs/fs_pin.o
  CC      kernel/time/timeconv.o
  CC      fs/buffer.o
  CC      kernel/time/posix-clock.o
  CC      kernel/time/alarmtimer.o
  CC      kernel/time/clockevents.o
  CC      kernel/time/tick-common.o
  CC      fs/block_dev.o
  CC      kernel/time/tick-broadcast.o
  CC      kernel/time/tick-broadcast-hrtimer.o
  CC      fs/direct-io.o
  CC      kernel/time/sched_clock.o
  CC      kernel/time/tick-oneshot.o
  CC      kernel/time/tick-sched.o
  CC      fs/mpage.o
  CC      kernel/time/timekeeping_debug.o
  BC      kernel/time/timeconst.h
  CC      kernel/time/time.o
  CC      fs/proc_namespace.o
  LD      kernel/time/built-in.o
  CC      kernel/trace/trace_clock.o
  CC      kernel/trace/ring_buffer.o
  CC      fs/configfs/inode.o
  CC      fs/configfs/file.o
  CC      fs/configfs/dir.o
  CC      fs/configfs/symlink.o
  CC      kernel/trace/trace.o
  CC      fs/configfs/mount.o
  CC      fs/configfs/item.o
  LD      fs/configfs/configfs.o
  LD      fs/configfs/built-in.o
  CC      fs/debugfs/inode.o
  CC      fs/debugfs/file.o
  LD      fs/debugfs/debugfs.o
  LD      fs/debugfs/built-in.o
  CC      fs/devpts/inode.o
  LD      fs/devpts/devpts.o
  LD      fs/devpts/built-in.o
  LD      fs/exofs/built-in.o
  CC      fs/ext4/balloc.o
  CC      kernel/trace/trace_output.o
  CC      fs/ext4/bitmap.o
  CC      kernel/trace/trace_seq.o
  CC      fs/ext4/dir.o
  CC      kernel/trace/trace_stat.o
  CC      kernel/trace/trace_printk.o
  CC      fs/ext4/file.o
  CC      kernel/trace/trace_sched_switch.o
  CC      fs/ext4/fsync.o
  CC      kernel/trace/trace_nop.o
  CC      kernel/trace/blktrace.o
  CC      fs/ext4/ialloc.o
  CC      kernel/trace/trace_events.o
  CC      fs/ext4/inode.o
  CC      kernel/trace/trace_export.o
  CC      kernel/trace/trace_event_perf.o
  CC      kernel/trace/trace_events_filter.o
  CC      kernel/trace/trace_events_trigger.o
  CC      fs/ext4/page-io.o
  CC      kernel/trace/power-traces.o
  CC      fs/ext4/ioctl.o
  CC      kernel/trace/mtk_trace.o
  LD      kernel/trace/built-in.o
  CC      fs/ext4/namei.o
  CC      kernel/freezer.o
  CC      kernel/profile.o
  CC      kernel/stacktrace.o
  CC      kernel/futex.o
  CC      fs/ext4/super.o
  CC      kernel/smp.o
  CC      kernel/uid16.o
  CC      kernel/kallsyms.o
  CC      kernel/cgroup.o
  CC      kernel/stop_machine.o
  CC      kernel/audit.o
  CC      fs/ext4/symlink.o
  CC      fs/ext4/hash.o
  CC      kernel/auditfilter.o
  CC      fs/ext4/resize.o
  CC      kernel/auditsc.o
  CC      fs/ext4/extents.o
  CC      kernel/audit_watch.o
  CC      kernel/audit_tree.o
  CC      kernel/seccomp.o
  CC      kernel/utsname_sysctl.o
  CC      kernel/tracepoint.o
  CC      fs/ext4/ext4_jbd2.o
  CC      kernel/elfcore.o
  CC      kernel/irq_work.o
  CC      fs/ext4/migrate.o
  CC      kernel/cpu_pm.o
  LD      kernel/built-in.o
  CC      fs/ext4/mballoc.o
  CC      fs/fat/cache.o
  CC      fs/fat/dir.o
  CC      fs/fat/fatent.o
  CC      fs/fat/file.o
  CC      fs/fat/inode.o
  CC      fs/ext4/block_validity.o
  CC      fs/ext4/move_extent.o
  CC      fs/fat/misc.o
  CC      fs/ext4/mmp.o
  CC      fs/fat/nfs.o
  CC      fs/ext4/indirect.o
  CC      fs/fat/namei_vfat.o
  CC      fs/fat/namei_msdos.o
  CC      fs/ext4/extents_status.o
  LD      fs/fat/fat.o
  LD      fs/fat/vfat.o
  LD      fs/fat/msdos.o
  LD      fs/fat/built-in.o
  CC      fs/ext4/xattr.o
  LD      ipc/built-in.o
  CC      security/commoncap.o
  CC      fs/ext4/xattr_user.o
  CC      security/min_addr.o
  CC      fs/ext4/xattr_trusted.o
  CC      security/security.o
  CC      fs/ext4/inline.o
  CC      security/capability.o
  CC      fs/ext4/readpage.o
  CC      security/integrity/iint.o
  CC      fs/ext4/xattr_security.o
  CC      security/integrity/integrity_audit.o
  LD      security/integrity/integrity.o
  LD      security/integrity/built-in.o
  GEN     security/selinux/flask.h security/selinux/av_permissions.h
  CC      security/selinux/avc.o
  LD      fs/ext4/ext4.o
  LD      fs/ext4/built-in.o
  CC      fs/fuse/dev.o
  CC      security/selinux/hooks.o
  CC      fs/fuse/dir.o
  CC      fs/fuse/file.o
  CC      security/selinux/selinuxfs.o
  CC      fs/fuse/inode.o
  CC      security/selinux/netlink.o
  CC      fs/fuse/control.o
  CC      security/selinux/nlmsgtab.o
  LD      fs/fuse/fuse.o
  LD      fs/fuse/built-in.o
  CC      fs/isofs/namei.o
  CC      security/selinux/netif.o
  CC      fs/isofs/inode.o
  CC      security/selinux/netnode.o
  CC      fs/isofs/dir.o
  CC      fs/isofs/util.o
  CC      security/selinux/netport.o
  CC      fs/isofs/rock.o
  CC      security/selinux/exports.o
  CC      security/selinux/ss/ebitmap.o
  CC      fs/isofs/export.o
  CC      fs/isofs/joliet.o
  CC      security/selinux/ss/hashtab.o
  CC      fs/isofs/compress.o
  CC      security/selinux/ss/symtab.o
  CC      security/selinux/ss/sidtab.o
  LD      fs/isofs/isofs.o
  LD      fs/isofs/built-in.o
  CC      fs/jbd2/transaction.o
  CC      security/selinux/ss/avtab.o
  CC      fs/jbd2/commit.o
  CC      security/selinux/ss/policydb.o
  CC      fs/jbd2/recovery.o
  CC      fs/jbd2/checkpoint.o
  CC      security/selinux/ss/services.o
  CC      fs/jbd2/revoke.o
  CC      fs/jbd2/journal.o
  CC      security/selinux/ss/conditional.o
  CC      security/selinux/ss/mls.o
  LD      fs/jbd2/jbd2.o
  LD      fs/jbd2/built-in.o
  CC      fs/kernfs/mount.o
  CC      fs/kernfs/inode.o
  CC      security/selinux/ss/status.o
  CC      fs/kernfs/dir.o
  LD      security/selinux/selinux.o
  LD      security/selinux/built-in.o
  CC      security/lsm_audit.o
  CC      fs/kernfs/file.o
  LD      security/built-in.o
  CC      fs/kernfs/symlink.o
  CC      fs/nls/nls_base.o
  LD      fs/kernfs/built-in.o
  CC      fs/notify/fsnotify.o
  CC      fs/nls/nls_cp437.o
  CC      fs/nls/nls_cp950.o
  CC      fs/notify/notification.o
  CC      fs/notify/group.o
  CC      fs/nls/nls_ascii.o
  CC      fs/nls/nls_iso8859-1.o
  CC      fs/notify/inode_mark.o
  CC      fs/nls/nls_utf8.o
  LD      fs/nls/built-in.o
  CC      fs/notify/mark.o
  CC      crypto/api.o
  CC      fs/notify/vfsmount_mark.o
  CC      fs/notify/fdinfo.o
  CC      crypto/cipher.o
  CC      fs/notify/dnotify/dnotify.o
  CC      crypto/compress.o
  LD      fs/notify/dnotify/built-in.o
  LD      fs/notify/fanotify/built-in.o
  CC      fs/notify/inotify/inotify_fsnotify.o
  CC      crypto/memneq.o
  CC      fs/notify/inotify/inotify_user.o
  CC      crypto/crypto_wq.o
  CC      crypto/algapi.o
  LD      fs/notify/inotify/built-in.o
  LD      fs/notify/built-in.o
  CC      fs/proc/task_mmu.o
  CC      fs/proc/inode.o
  CC      crypto/scatterwalk.o
  CC      fs/proc/root.o
  CC      crypto/proc.o
  CC      fs/proc/base.o
  CC      crypto/aead.o
  CC      crypto/ablkcipher.o
  CC      fs/proc/generic.o
  CC      crypto/blkcipher.o
  CC      fs/proc/array.o
  CC      crypto/chainiv.o
  CC      fs/proc/fd.o
  CC      crypto/eseqiv.o
  CC      fs/proc/proc_tty.o
  CC      fs/proc/cmdline.o
  CC      crypto/ahash.o
  CC      fs/proc/consoles.o
  CC      fs/proc/cpuinfo.o
  CC      fs/proc/devices.o
  CC      crypto/shash.o
  CC      fs/proc/interrupts.o
  CC      fs/proc/loadavg.o
  CC      fs/proc/meminfo.o
  CC      crypto/pcompress.o
  CC      fs/proc/stat.o
  CC      crypto/algboss.o
  CC      fs/proc/uptime.o
  CC      fs/proc/version.o
  CC      crypto/testmgr.o
  CC      fs/proc/softirqs.o
  CC      crypto/hmac.o
  CC      fs/proc/namespaces.o
  CC      crypto/xcbc.o
  CC      fs/proc/self.o
  CC      fs/proc/thread_self.o
  CC      crypto/crypto_null.o
  CC      fs/proc/proc_sysctl.o
  CC      crypto/md5.o
  CC      crypto/sha1_generic.o
  CC      crypto/ecb.o
  CC      fs/proc/proc_net.o
  CC      crypto/cbc.o
  CC      fs/proc/kmsg.o
  CC      fs/proc/page.o
  CC      crypto/cryptd.o
  LD      fs/proc/proc.o
  LD      fs/proc/built-in.o
  CC      fs/pstore/inode.o
  CC      crypto/des_generic.o
  CC      fs/pstore/platform.o
  CC      fs/pstore/pmsg.o
  CC      crypto/twofish_generic.o
  CC      fs/pstore/ram.o
  CC      crypto/twofish_common.o
  CC      fs/pstore/ram_core.o
  CC      crypto/aes_generic.o
  LD      fs/pstore/pstore.o
  LD      fs/pstore/ramoops.o
  LD      fs/pstore/built-in.o
  LD      fs/quota/built-in.o
  CC      fs/ramfs/inode.o
  CC      fs/ramfs/file-mmu.o
  CC      crypto/arc4.o
  LD      fs/ramfs/ramfs.o
  LD      fs/ramfs/built-in.o
  CC      fs/sysfs/file.o
  CC      crypto/deflate.o
  CC      fs/sysfs/dir.o
  CC      crypto/crc32c_generic.o
  CC      fs/sysfs/symlink.o
  CC      crypto/authenc.o
  CC      fs/sysfs/mount.o
  CC      fs/sysfs/group.o
  LD      fs/sysfs/built-in.o
  CC      fs/eventpoll.o
  CC      crypto/authencesn.o
  CC      fs/anon_inodes.o
  CC      crypto/lzo.o
  CC      fs/signalfd.o
  CC      crypto/rng.o
  CC      fs/timerfd.o
  CC      crypto/krng.o
  CC      crypto/ablk_helper.o
  CC      fs/eventfd.o
  LD      crypto/crypto.o
  LD      crypto/crypto_algapi.o
  LD      crypto/crypto_blkcipher.o
  LD      crypto/crypto_hash.o
  LD      crypto/cryptomgr.o
  LD      crypto/built-in.o
  CC      block/bio.o
  CC      fs/aio.o
  CC      block/elevator.o
  CC      fs/locks.o
  CC      block/blk-core.o
  CC      fs/binfmt_script.o
  CC      fs/binfmt_elf.o
  CC      fs/mbcache.o
  CC      block/blk-tag.o
  CC      block/blk-sysfs.o
  CC      fs/coredump.o
  CC      block/blk-flush.o
  CC      fs/drop_caches.o
  CC      block/blk-settings.o
  CC      fs/dcookies.o
  LD      fs/built-in.o
  CC      block/blk-ioc.o
  CC      block/blk-map.o
  CC      block/blk-exec.o
  CC      block/blk-merge.o
  CC      block/blk-softirq.o
  CC      block/blk-timeout.o
  CC      drivers/amba/bus.o
  CC      block/blk-iopoll.o
  LD      drivers/amba/built-in.o
  LD      drivers/auxdisplay/built-in.o
  CC      drivers/base/component.o
  CC      block/blk-lib.o
  CC      drivers/base/core.o
  CC      block/blk-mq.o
  CC      drivers/base/bus.o
  CC      drivers/base/dd.o
  CC      block/blk-mq-tag.o
  CC      drivers/base/syscore.o
  CC      block/blk-mq-sysfs.o
  CC      drivers/base/driver.o
  CC      drivers/base/class.o
  CC      block/blk-mq-cpu.o
  CC      drivers/base/platform.o
  CC      block/blk-mq-cpumap.o
  CC      block/ioctl.o
  CC      drivers/base/cpu.o
  CC      drivers/base/firmware.o
  CC      block/uuid.o
  CC      drivers/base/init.o
  CC      drivers/base/map.o
  CC      drivers/base/devres.o
  CC      block/genhd.o
  CC      drivers/base/attribute_container.o
  CC      drivers/base/transport_class.o
  CC      drivers/base/topology.o
  CC      drivers/base/container.o
  CC      block/scsi_ioctl.o
  CC      drivers/base/property.o
  CC      drivers/base/power/sysfs.o
  CC      block/partition-generic.o
  CC      drivers/base/power/generic_ops.o
  CC      drivers/base/power/common.o
  CC      drivers/base/power/qos.o
  CC      block/ioprio.o
  CC      block/partitions/check.o
  CC      drivers/base/power/runtime.o
  CC      drivers/base/power/main.o
  CC      block/partitions/msdos.o
  CC      block/partitions/efi.o
  CC      drivers/base/power/wakeup.o
  LD      block/partitions/built-in.o
  CC      block/noop-iosched.o
  LD      drivers/base/power/built-in.o
  CC      block/deadline-iosched.o
  CC      drivers/base/regmap/regmap.o
  CC      block/cfq-iosched.o
  CC      drivers/base/regmap/regcache.o
  LD      block/built-in.o
  CC      drivers/base/regmap/regcache-rbtree.o
  CC      drivers/base/regmap/regcache-lzo.o
  CC      drivers/base/regmap/regcache-flat.o
  CC      drivers/base/regmap/regmap-debugfs.o
  CC      sound/sound_core.o
  CC      sound/sound_firmware.o
  CC      drivers/base/regmap/regmap-i2c.o
  CC      drivers/base/regmap/regmap-spi.o
  LD      sound/arm/built-in.o
  LD      sound/atmel/built-in.o
  CC      sound/core/sound.o
  CC      drivers/base/regmap/regmap-mmio.o
  LD      drivers/base/regmap/built-in.o
  CC      sound/core/init.o
  CC      drivers/base/dma-mapping.o
  CC      drivers/base/dma-coherent.o
  CC      sound/core/memory.o
  CC      drivers/base/firmware_class.o
  CC      sound/core/info.o
  CC      sound/core/control.o
  CC      drivers/base/pinctrl.o
  LD      drivers/base/built-in.o
  CC      drivers/block/loop.o
  CC      sound/core/misc.o
  CC      sound/core/device.o
  CC      drivers/block/zram/zcomp_lzo.o
  CC      sound/core/sound_oss.o
  CC      drivers/block/zram/zcomp.o
  CC      sound/core/info_oss.o
  CC      drivers/block/zram/zram_drv.o
  CC      sound/core/jack.o
  CC      sound/core/hwdep.o
  CC      drivers/block/zram/zcomp_lz4k.o
  CC      sound/core/timer.o
  LD      drivers/block/zram/zram.o
  LD      drivers/block/zram/built-in.o
  LD      drivers/block/built-in.o
  LD      drivers/bus/built-in.o
  LD      drivers/cdrom/built-in.o
  CC      drivers/char/mem.o
  CC      drivers/char/random.o
  CC      sound/core/hrtimer.o
  CC      sound/core/pcm.o
  CC      drivers/char/misc.o
  CC      sound/core/pcm_native.o
  LD      drivers/char/agp/built-in.o
  LD      drivers/char/built-in.o
  LD      drivers/clk/built-in.o
  CC      drivers/clocksource/clksrc-of.o
  CC      drivers/clocksource/dummy_timer.o
  LD      drivers/clocksource/built-in.o
  CC      drivers/cpufreq/cpufreq.o
  CC      sound/core/pcm_lib.o
  CC      drivers/cpufreq/freq_table.o
  CC      drivers/cpufreq/cpufreq_stats.o
  CC      drivers/cpufreq/cpufreq_performance.o
  CC      drivers/cpufreq/cpufreq_powersave.o
  CC      drivers/cpufreq/cpufreq_userspace.o
  CC      sound/core/pcm_timer.o
  CC      drivers/cpufreq/cpufreq_ondemand.o
  CC      sound/core/pcm_misc.o
  CC      drivers/cpufreq/cpufreq_interactive.o
  CC      sound/core/pcm_memory.o
  CC      sound/core/memalloc.o
  CC      sound/core/rawmidi.o
  CC      drivers/cpufreq/cpufreq_governor.o
  LD      drivers/cpufreq/built-in.o
  CC      drivers/cpuidle/cpuidle.o
  CC      sound/core/oss/mixer_oss.o
  CC      drivers/cpuidle/driver.o
  CC      drivers/cpuidle/governor.o
  CC      drivers/cpuidle/sysfs.o
  CC      sound/core/oss/pcm_oss.o
  CC      drivers/cpuidle/governors/ladder.o
  CC      drivers/cpuidle/governors/menu.o
  CC      drivers/cpuidle/governors/mtk_governor.o
  LD      drivers/cpuidle/governors/built-in.o
  CC      drivers/cpuidle/cpuidle-mt6580.o
  LD      drivers/cpuidle/built-in.o
  LD      drivers/crypto/built-in.o
  CC      drivers/dma-buf/dma-buf.o
  CC      sound/core/oss/pcm_plugin.o
  CC      drivers/dma-buf/fence.o
  CC      sound/core/oss/io.o
  CC      sound/core/oss/copy.o
  CC      drivers/dma-buf/reservation.o
  CC      sound/core/oss/linear.o
  CC      drivers/dma-buf/seqno-fence.o
  CC      sound/core/oss/mulaw.o
  LD      drivers/dma-buf/built-in.o
  LD      drivers/firewire/built-in.o
  LD      drivers/firmware/built-in.o
  CC      drivers/gpio/devres.o
  CC      sound/core/oss/route.o
  CC      drivers/gpio/gpiolib.o
  CC      sound/core/oss/rate.o
  LD      sound/core/oss/snd-mixer-oss.o
  LD      sound/core/oss/snd-pcm-oss.o
  LD      sound/core/oss/built-in.o
  CC      sound/core/seq/seq.o
  CC      drivers/gpio/gpiolib-legacy.o
  CC      sound/core/seq/seq_lock.o
  CC      drivers/gpio/gpiolib-of.o
  CC      sound/core/seq/seq_clientmgr.o
  LD      drivers/gpio/built-in.o
  LD      drivers/gpu/drm/bridge/built-in.o
  LD      drivers/gpu/drm/i2c/built-in.o
  LD      drivers/gpu/drm/panel/built-in.o
  LD      drivers/gpu/drm/built-in.o
  LD      drivers/gpu/vga/built-in.o
  LD      drivers/gpu/built-in.o
  CC      drivers/hid/hid-debug.o
  CC      drivers/hid/hid-core.o
  CC      sound/core/seq/seq_memory.o
  CC      sound/core/seq/seq_queue.o
  CC      drivers/hid/hid-input.o
  CC      sound/core/seq/seq_fifo.o
  CC      sound/core/seq/seq_prioq.o
  CC      sound/core/seq/seq_timer.o
  CC      drivers/hid/hidraw.o
  CC      sound/core/seq/seq_system.o
  CC      sound/core/seq/seq_ports.o
  CC      drivers/hid/uhid.o
  CC      sound/core/seq/seq_info.o
  CC      drivers/hid/hid-generic.o
  CC      sound/core/seq/seq_device.o
  CC      drivers/hid/hid-a4tech.o
  CC      drivers/hid/hid-apple.o
  CC      sound/core/seq/seq_midi_event.o
  CC      drivers/hid/hid-belkin.o
  CC      sound/core/seq/oss/seq_oss.o
  CC      drivers/hid/hid-cherry.o
  CC      drivers/hid/hid-chicony.o
  CC      sound/core/seq/oss/seq_oss_init.o
  CC      drivers/hid/hid-cypress.o
  CC      sound/core/seq/oss/seq_oss_timer.o
  CC      drivers/hid/hid-dr.o
  CC      drivers/hid/hid-ezkey.o
  CC      sound/core/seq/oss/seq_oss_ioctl.o
  CC      drivers/hid/hid-gyration.o
  CC      sound/core/seq/oss/seq_oss_event.o
  CC      drivers/hid/hid-kensington.o
  CC      drivers/hid/hid-kye.o
  CC      sound/core/seq/oss/seq_oss_rw.o
  CC      drivers/hid/hid-lg.o
  CC      sound/core/seq/oss/seq_oss_synth.o
  CC      drivers/hid/hid-magicmouse.o
  CC      sound/core/seq/oss/seq_oss_midi.o
  CC      drivers/hid/hid-microsoft.o
  CC      sound/core/seq/oss/seq_oss_readq.o
  CC      drivers/hid/hid-monterey.o
  CC      sound/core/seq/oss/seq_oss_writeq.o
  CC      drivers/hid/hid-pl.o
  CC      drivers/hid/hid-petalynx.o
  LD      sound/core/seq/oss/snd-seq-oss.o
  LD      sound/core/seq/oss/built-in.o
  CC      sound/core/seq/seq_midi.o
  CC      drivers/hid/hid-samsung.o
  LD      sound/core/seq/snd-seq.o
  LD      sound/core/seq/snd-seq-device.o
  LD      sound/core/seq/snd-seq-midi-event.o
  LD      sound/core/seq/snd-seq-midi.o
  LD      sound/core/seq/built-in.o
  CC      sound/core/compress_offload.o
  CC      drivers/hid/hid-sjoy.o
  CC      drivers/hid/hid-sunplus.o
  CC      drivers/hid/hid-gaff.o
  LD      sound/core/snd.o
  LD      sound/core/snd-hwdep.o
  LD      sound/core/snd-timer.o
  LD      sound/core/snd-hrtimer.o
  LD      sound/core/snd-pcm.o
  LD      sound/core/snd-rawmidi.o
  LD      sound/core/snd-compress.o
  LD      sound/core/built-in.o
  CC      drivers/hid/hid-tmff.o
  LD      sound/drivers/mpu401/built-in.o
  LD      sound/drivers/opl3/built-in.o
  LD      sound/drivers/opl4/built-in.o
  LD      sound/drivers/pcsp/built-in.o
  LD      sound/drivers/vx/built-in.o
  LD      sound/drivers/built-in.o
  LD      sound/firewire/built-in.o
  LD      sound/i2c/other/built-in.o
  LD      sound/i2c/built-in.o
  LD      sound/isa/ad1816a/built-in.o
  LD      sound/isa/ad1848/built-in.o
  LD      sound/isa/cs423x/built-in.o
  CC      drivers/hid/hid-topseed.o
  LD      sound/isa/es1688/built-in.o
  LD      sound/isa/galaxy/built-in.o
  LD      sound/isa/gus/built-in.o
  LD      sound/isa/msnd/built-in.o
  LD      sound/isa/opti9xx/built-in.o
  LD      sound/isa/sb/built-in.o
  LD      sound/isa/wavefront/built-in.o
  LD      sound/isa/wss/built-in.o
  LD      sound/isa/built-in.o
  LD      sound/mips/built-in.o
  LD      sound/oss/built-in.o
  LD      sound/parisc/built-in.o
  CC      drivers/hid/hid-twinhan.o
  LD      sound/pci/ac97/built-in.o
  LD      sound/pci/ali5451/built-in.o
  LD      sound/pci/asihpi/built-in.o
  LD      sound/pci/au88x0/built-in.o
  LD      sound/pci/aw2/built-in.o
  LD      sound/pci/ca0106/built-in.o
  LD      sound/pci/cs46xx/built-in.o
  LD      sound/pci/cs5535audio/built-in.o
  LD      sound/pci/ctxfi/built-in.o
  LD      sound/pci/echoaudio/built-in.o
  LD      sound/pci/emu10k1/built-in.o
  LD      sound/pci/hda/built-in.o
  LD      sound/pci/ice1712/built-in.o
  LD      sound/pci/korg1212/built-in.o
  LD      sound/pci/lola/built-in.o
  LD      sound/pci/lx6464es/built-in.o
  LD      sound/pci/mixart/built-in.o
  LD      sound/pci/nm256/built-in.o
  LD      sound/pci/oxygen/built-in.o
  LD      sound/pci/pcxhr/built-in.o
  CC      drivers/hid/hid-zpff.o
